<?xml version="1.0" encoding="UTF-8"?>
<testsuite xmlns:xsi="http://www.w3.org/2001/XMLSchema-instance" xsi:noNamespaceSchemaLocation="https://maven.apache.org/surefire/maven-surefire-plugin/xsd/surefire-test-report-3.0.xsd" version="3.0" name="programmingtheiot.part01.unit.common.ConfigUtilTest" time="0.019" tests="7" errors="1" skipped="0" failures="0">
  <properties>
    <property name="sun.desktop" value="gnome"/>
    <property name="awt.toolkit" value="sun.awt.X11.XToolkit"/>
    <property name="java.specification.version" value="11"/>
    <property name="sun.cpu.isalist" value=""/>
    <property name="sun.jnu.encoding" value="UTF-8"/>
    <property name="java.class.path" value="/home/condev/programmingtheiot/testing/java-components-forked/target/test-classes:/home/condev/programmingtheiot/testing/java-components-forked/target/classes:/home/condev/.m2/repository/com/google/code/gson/gson/2.10.1/gson-2.10.1.jar:/home/condev/.m2/repository/junit/junit/4.13.2/junit-4.13.2.jar:/home/condev/.m2/repository/org/hamcrest/hamcrest-core/1.3/hamcrest-core-1.3.jar:/home/condev/.m2/repository/org/apache/commons/commons-configuration2/2.10.1/commons-configuration2-2.10.1.jar:/home/condev/.m2/repository/org/apache/commons/commons-lang3/3.14.0/commons-lang3-3.14.0.jar:/home/condev/.m2/repository/org/apache/commons/commons-text/1.11.0/commons-text-1.11.0.jar:/home/condev/.m2/repository/commons-logging/commons-logging/1.3.0/commons-logging-1.3.0.jar:/home/condev/.m2/repository/commons-cli/commons-cli/1.5.0/commons-cli-1.5.0.jar:/home/condev/.m2/repository/org/eclipse/paho/org.eclipse.paho.mqttv5.client/1.2.5/org.eclipse.paho.mqttv5.client-1.2.5.jar:/home/condev/.m2/repository/org/eclipse/californium/californium-core/3.8.0/californium-core-3.8.0.jar:/home/condev/.m2/repository/org/eclipse/californium/californium-legal/3.8.0/californium-legal-3.8.0.jar:/home/condev/.m2/repository/org/eclipse/californium/element-connector/3.8.0/element-connector-3.8.0.jar:/home/condev/.m2/repository/net/i2p/crypto/eddsa/0.3.0/eddsa-0.3.0.jar:/home/condev/.m2/repository/org/slf4j/slf4j-api/2.0.7/slf4j-api-2.0.7.jar:/home/condev/.m2/repository/ch/qos/logback/logback-classic/1.4.11/logback-classic-1.4.11.jar:/home/condev/.m2/repository/ch/qos/logback/logback-core/1.4.11/logback-core-1.4.11.jar:/home/condev/.m2/repository/org/eclipse/californium/scandium/3.8.0/scandium-3.8.0.jar:/home/condev/.m2/repository/redis/clients/jedis/4.4.3/jedis-4.4.3.jar:/home/condev/.m2/repository/org/apache/commons/commons-pool2/2.11.1/commons-pool2-2.11.1.jar:/home/condev/.m2/repository/org/json/json/20230227/json-20230227.jar:/home/condev/.m2/repository/com/influxdb/influxdb-client-java/6.10.0/influxdb-client-java-6.10.0.jar:/home/condev/.m2/repository/com/influxdb/influxdb-client-core/6.10.0/influxdb-client-core-6.10.0.jar:/home/condev/.m2/repository/com/influxdb/influxdb-client-utils/6.10.0/influxdb-client-utils-6.10.0.jar:/home/condev/.m2/repository/com/squareup/okio/okio/3.4.0/okio-3.4.0.jar:/home/condev/.m2/repository/com/squareup/okio/okio-jvm/3.4.0/okio-jvm-3.4.0.jar:/home/condev/.m2/repository/org/jetbrains/kotlin/kotlin-stdlib-jdk8/1.8.0/kotlin-stdlib-jdk8-1.8.0.jar:/home/condev/.m2/repository/org/jetbrains/kotlin/kotlin-stdlib-jdk7/1.8.0/kotlin-stdlib-jdk7-1.8.0.jar:/home/condev/.m2/repository/com/squareup/okhttp3/okhttp/4.10.0/okhttp-4.10.0.jar:/home/condev/.m2/repository/org/jetbrains/kotlin/kotlin-stdlib/1.6.20/kotlin-stdlib-1.6.20.jar:/home/condev/.m2/repository/org/jetbrains/kotlin/kotlin-stdlib-common/1.6.20/kotlin-stdlib-common-1.6.20.jar:/home/condev/.m2/repository/org/jetbrains/annotations/13.0/annotations-13.0.jar:/home/condev/.m2/repository/com/squareup/retrofit2/retrofit/2.9.0/retrofit-2.9.0.jar:/home/condev/.m2/repository/com/squareup/okhttp3/logging-interceptor/4.10.0/logging-interceptor-4.10.0.jar:/home/condev/.m2/repository/org/apache/commons/commons-csv/1.10.0/commons-csv-1.10.0.jar:/home/condev/.m2/repository/io/reactivex/rxjava3/rxjava/3.1.6/rxjava-3.1.6.jar:/home/condev/.m2/repository/org/reactivestreams/reactive-streams/1.0.4/reactive-streams-1.0.4.jar:/home/condev/.m2/repository/com/squareup/retrofit2/adapter-rxjava3/2.9.0/adapter-rxjava3-2.9.0.jar:/home/condev/.m2/repository/com/squareup/retrofit2/converter-scalars/2.9.0/converter-scalars-2.9.0.jar:/home/condev/.m2/repository/com/squareup/retrofit2/converter-gson/2.9.0/converter-gson-2.9.0.jar:/home/condev/.m2/repository/com/google/code/findbugs/jsr305/3.0.2/jsr305-3.0.2.jar:/home/condev/.m2/repository/jakarta/mail/jakarta.mail-api/2.1.2/jakarta.mail-api-2.1.2.jar:/home/condev/.m2/repository/jakarta/activation/jakarta.activation-api/2.1.2/jakarta.activation-api-2.1.2.jar:/home/condev/.m2/repository/com/amazonaws/aws-iot-device-sdk-java/1.3.11/aws-iot-device-sdk-java-1.3.11.jar:/home/condev/.m2/repository/com/fasterxml/jackson/core/jackson-core/2.12.0/jackson-core-2.12.0.jar:/home/condev/.m2/repository/com/fasterxml/jackson/core/jackson-databind/2.12.6.1/jackson-databind-2.12.6.1.jar:/home/condev/.m2/repository/com/fasterxml/jackson/core/jackson-annotations/2.12.6/jackson-annotations-2.12.6.jar:/home/condev/.m2/repository/org/eclipse/paho/org.eclipse.paho.client.mqttv3/1.2.4/org.eclipse.paho.client.mqttv3-1.2.4.jar:/home/condev/.m2/repository/com/amazonaws/aws-java-sdk-secretsmanager/1.12.201/aws-java-sdk-secretsmanager-1.12.201.jar:/home/condev/.m2/repository/com/amazonaws/aws-java-sdk-core/1.12.201/aws-java-sdk-core-1.12.201.jar:/home/condev/.m2/repository/org/apache/httpcomponents/httpclient/4.5.13/httpclient-4.5.13.jar:/home/condev/.m2/repository/org/apache/httpcomponents/httpcore/4.4.13/httpcore-4.4.13.jar:/home/condev/.m2/repository/software/amazon/ion/ion-java/1.0.2/ion-java-1.0.2.jar:/home/condev/.m2/repository/com/fasterxml/jackson/dataformat/jackson-dataformat-cbor/2.12.6/jackson-dataformat-cbor-2.12.6.jar:/home/condev/.m2/repository/joda-time/joda-time/2.8.1/joda-time-2.8.1.jar:/home/condev/.m2/repository/com/amazonaws/jmespath-java/1.12.201/jmespath-java-1.12.201.jar:/home/condev/.m2/repository/com/amazonaws/aws-iot-device-sdk-java-samples/1.3.11/aws-iot-device-sdk-java-samples-1.3.11.jar:/home/condev/.m2/repository/commons-codec/commons-codec/1.12/commons-codec-1.12.jar:/home/condev/.m2/repository/com/microsoft/azure/sdk/iot/iot-device-client/2.2.0/iot-device-client-2.2.0.jar:/home/condev/.m2/repository/org/apache/qpid/proton-j/0.34.0/proton-j-0.34.0.jar:/home/condev/.m2/repository/com/microsoft/azure/qpid-proton-j-extensions/1.2.4/qpid-proton-j-extensions-1.2.4.jar:/home/condev/.m2/repository/com/microsoft/azure/sdk/iot/provisioning/security/security-provider/2.0.1/security-provider-2.0.1.jar:"/>
    <property name="java.vm.vendor" value="Ubuntu"/>
    <property name="sun.arch.data.model" value="64"/>
    <property name="java.vendor.url" value="https://ubuntu.com/"/>
    <property name="user.timezone" value="America/New_York"/>
    <property name="java.vm.specification.version" value="11"/>
    <property name="os.name" value="Linux"/>
    <property name="sun.java.launcher" value="SUN_STANDARD"/>
    <property name="user.country" value="US"/>
    <property name="sun.boot.library.path" value="/usr/lib/jvm/java-11-openjdk-amd64/lib"/>
    <property name="sun.java.command" value="/home/condev/programmingtheiot/testing/java-components-forked/target/surefire/surefirebooter13475014546775675295.jar /home/condev/programmingtheiot/testing/java-components-forked/target/surefire 2024-12-10T00-34-28_404-jvmRun1 surefire2953862793449670096tmp surefire_01389722897082553866tmp"/>
    <property name="jdk.debug" value="release"/>
    <property name="surefire.test.class.path" value="/home/condev/programmingtheiot/testing/java-components-forked/target/test-classes:/home/condev/programmingtheiot/testing/java-components-forked/target/classes:/home/condev/.m2/repository/com/google/code/gson/gson/2.10.1/gson-2.10.1.jar:/home/condev/.m2/repository/junit/junit/4.13.2/junit-4.13.2.jar:/home/condev/.m2/repository/org/hamcrest/hamcrest-core/1.3/hamcrest-core-1.3.jar:/home/condev/.m2/repository/org/apache/commons/commons-configuration2/2.10.1/commons-configuration2-2.10.1.jar:/home/condev/.m2/repository/org/apache/commons/commons-lang3/3.14.0/commons-lang3-3.14.0.jar:/home/condev/.m2/repository/org/apache/commons/commons-text/1.11.0/commons-text-1.11.0.jar:/home/condev/.m2/repository/commons-logging/commons-logging/1.3.0/commons-logging-1.3.0.jar:/home/condev/.m2/repository/commons-cli/commons-cli/1.5.0/commons-cli-1.5.0.jar:/home/condev/.m2/repository/org/eclipse/paho/org.eclipse.paho.mqttv5.client/1.2.5/org.eclipse.paho.mqttv5.client-1.2.5.jar:/home/condev/.m2/repository/org/eclipse/californium/californium-core/3.8.0/californium-core-3.8.0.jar:/home/condev/.m2/repository/org/eclipse/californium/californium-legal/3.8.0/californium-legal-3.8.0.jar:/home/condev/.m2/repository/org/eclipse/californium/element-connector/3.8.0/element-connector-3.8.0.jar:/home/condev/.m2/repository/net/i2p/crypto/eddsa/0.3.0/eddsa-0.3.0.jar:/home/condev/.m2/repository/org/slf4j/slf4j-api/2.0.7/slf4j-api-2.0.7.jar:/home/condev/.m2/repository/ch/qos/logback/logback-classic/1.4.11/logback-classic-1.4.11.jar:/home/condev/.m2/repository/ch/qos/logback/logback-core/1.4.11/logback-core-1.4.11.jar:/home/condev/.m2/repository/org/eclipse/californium/scandium/3.8.0/scandium-3.8.0.jar:/home/condev/.m2/repository/redis/clients/jedis/4.4.3/jedis-4.4.3.jar:/home/condev/.m2/repository/org/apache/commons/commons-pool2/2.11.1/commons-pool2-2.11.1.jar:/home/condev/.m2/repository/org/json/json/20230227/json-20230227.jar:/home/condev/.m2/repository/com/influxdb/influxdb-client-java/6.10.0/influxdb-client-java-6.10.0.jar:/home/condev/.m2/repository/com/influxdb/influxdb-client-core/6.10.0/influxdb-client-core-6.10.0.jar:/home/condev/.m2/repository/com/influxdb/influxdb-client-utils/6.10.0/influxdb-client-utils-6.10.0.jar:/home/condev/.m2/repository/com/squareup/okio/okio/3.4.0/okio-3.4.0.jar:/home/condev/.m2/repository/com/squareup/okio/okio-jvm/3.4.0/okio-jvm-3.4.0.jar:/home/condev/.m2/repository/org/jetbrains/kotlin/kotlin-stdlib-jdk8/1.8.0/kotlin-stdlib-jdk8-1.8.0.jar:/home/condev/.m2/repository/org/jetbrains/kotlin/kotlin-stdlib-jdk7/1.8.0/kotlin-stdlib-jdk7-1.8.0.jar:/home/condev/.m2/repository/com/squareup/okhttp3/okhttp/4.10.0/okhttp-4.10.0.jar:/home/condev/.m2/repository/org/jetbrains/kotlin/kotlin-stdlib/1.6.20/kotlin-stdlib-1.6.20.jar:/home/condev/.m2/repository/org/jetbrains/kotlin/kotlin-stdlib-common/1.6.20/kotlin-stdlib-common-1.6.20.jar:/home/condev/.m2/repository/org/jetbrains/annotations/13.0/annotations-13.0.jar:/home/condev/.m2/repository/com/squareup/retrofit2/retrofit/2.9.0/retrofit-2.9.0.jar:/home/condev/.m2/repository/com/squareup/okhttp3/logging-interceptor/4.10.0/logging-interceptor-4.10.0.jar:/home/condev/.m2/repository/org/apache/commons/commons-csv/1.10.0/commons-csv-1.10.0.jar:/home/condev/.m2/repository/io/reactivex/rxjava3/rxjava/3.1.6/rxjava-3.1.6.jar:/home/condev/.m2/repository/org/reactivestreams/reactive-streams/1.0.4/reactive-streams-1.0.4.jar:/home/condev/.m2/repository/com/squareup/retrofit2/adapter-rxjava3/2.9.0/adapter-rxjava3-2.9.0.jar:/home/condev/.m2/repository/com/squareup/retrofit2/converter-scalars/2.9.0/converter-scalars-2.9.0.jar:/home/condev/.m2/repository/com/squareup/retrofit2/converter-gson/2.9.0/converter-gson-2.9.0.jar:/home/condev/.m2/repository/com/google/code/findbugs/jsr305/3.0.2/jsr305-3.0.2.jar:/home/condev/.m2/repository/jakarta/mail/jakarta.mail-api/2.1.2/jakarta.mail-api-2.1.2.jar:/home/condev/.m2/repository/jakarta/activation/jakarta.activation-api/2.1.2/jakarta.activation-api-2.1.2.jar:/home/condev/.m2/repository/com/amazonaws/aws-iot-device-sdk-java/1.3.11/aws-iot-device-sdk-java-1.3.11.jar:/home/condev/.m2/repository/com/fasterxml/jackson/core/jackson-core/2.12.0/jackson-core-2.12.0.jar:/home/condev/.m2/repository/com/fasterxml/jackson/core/jackson-databind/2.12.6.1/jackson-databind-2.12.6.1.jar:/home/condev/.m2/repository/com/fasterxml/jackson/core/jackson-annotations/2.12.6/jackson-annotations-2.12.6.jar:/home/condev/.m2/repository/org/eclipse/paho/org.eclipse.paho.client.mqttv3/1.2.4/org.eclipse.paho.client.mqttv3-1.2.4.jar:/home/condev/.m2/repository/com/amazonaws/aws-java-sdk-secretsmanager/1.12.201/aws-java-sdk-secretsmanager-1.12.201.jar:/home/condev/.m2/repository/com/amazonaws/aws-java-sdk-core/1.12.201/aws-java-sdk-core-1.12.201.jar:/home/condev/.m2/repository/org/apache/httpcomponents/httpclient/4.5.13/httpclient-4.5.13.jar:/home/condev/.m2/repository/org/apache/httpcomponents/httpcore/4.4.13/httpcore-4.4.13.jar:/home/condev/.m2/repository/software/amazon/ion/ion-java/1.0.2/ion-java-1.0.2.jar:/home/condev/.m2/repository/com/fasterxml/jackson/dataformat/jackson-dataformat-cbor/2.12.6/jackson-dataformat-cbor-2.12.6.jar:/home/condev/.m2/repository/joda-time/joda-time/2.8.1/joda-time-2.8.1.jar:/home/condev/.m2/repository/com/amazonaws/jmespath-java/1.12.201/jmespath-java-1.12.201.jar:/home/condev/.m2/repository/com/amazonaws/aws-iot-device-sdk-java-samples/1.3.11/aws-iot-device-sdk-java-samples-1.3.11.jar:/home/condev/.m2/repository/commons-codec/commons-codec/1.12/commons-codec-1.12.jar:/home/condev/.m2/repository/com/microsoft/azure/sdk/iot/iot-device-client/2.2.0/iot-device-client-2.2.0.jar:/home/condev/.m2/repository/org/apache/qpid/proton-j/0.34.0/proton-j-0.34.0.jar:/home/condev/.m2/repository/com/microsoft/azure/qpid-proton-j-extensions/1.2.4/qpid-proton-j-extensions-1.2.4.jar:/home/condev/.m2/repository/com/microsoft/azure/sdk/iot/provisioning/security/security-provider/2.0.1/security-provider-2.0.1.jar:"/>
    <property name="sun.cpu.endian" value="little"/>
    <property name="user.home" value="/home/condev"/>
    <property name="user.language" value="en"/>
    <property name="java.specification.vendor" value="Oracle Corporation"/>
    <property name="java.version.date" value="2024-10-15"/>
    <property name="java.home" value="/usr/lib/jvm/java-11-openjdk-amd64"/>
    <property name="file.separator" value="/"/>
    <property name="basedir" value="/home/condev/programmingtheiot/testing/java-components-forked"/>
    <property name="java.vm.compressedOopsMode" value="Zero based"/>
    <property name="line.separator" value="&#10;"/>
    <property name="java.specification.name" value="Java Platform API Specification"/>
    <property name="java.vm.specification.vendor" value="Oracle Corporation"/>
    <property name="java.awt.graphicsenv" value="sun.awt.X11GraphicsEnvironment"/>
    <property name="surefire.real.class.path" value="/home/condev/programmingtheiot/testing/java-components-forked/target/surefire/surefirebooter13475014546775675295.jar"/>
    <property name="sun.management.compiler" value="HotSpot 64-Bit Tiered Compilers"/>
    <property name="java.runtime.version" value="11.0.25+9-post-Ubuntu-1ubuntu122.04"/>
    <property name="user.name" value="condev"/>
    <property name="path.separator" value=":"/>
    <property name="os.version" value="6.8.0-49-generic"/>
    <property name="java.runtime.name" value="OpenJDK Runtime Environment"/>
    <property name="file.encoding" value="UTF-8"/>
    <property name="java.vm.name" value="OpenJDK 64-Bit Server VM"/>
    <property name="localRepository" value="/home/condev/.m2/repository"/>
    <property name="java.vendor.url.bug" value="https://bugs.launchpad.net/ubuntu/+source/openjdk-lts"/>
    <property name="java.io.tmpdir" value="/tmp"/>
    <property name="java.version" value="11.0.25"/>
    <property name="user.dir" value="/home/condev/programmingtheiot/testing/java-components-forked"/>
    <property name="os.arch" value="amd64"/>
    <property name="java.vm.specification.name" value="Java Virtual Machine Specification"/>
    <property name="java.awt.printerjob" value="sun.print.PSPrinterJob"/>
    <property name="sun.os.patch.level" value="unknown"/>
    <property name="java.library.path" value="/usr/java/packages/lib:/usr/lib/x86_64-linux-gnu/jni:/lib/x86_64-linux-gnu:/usr/lib/x86_64-linux-gnu:/usr/lib/jni:/lib:/usr/lib"/>
    <property name="java.vm.info" value="mixed mode, sharing"/>
    <property name="java.vendor" value="Ubuntu"/>
    <property name="java.vm.version" value="11.0.25+9-post-Ubuntu-1ubuntu122.04"/>
    <property name="java.specification.maintenance.version" value="3"/>
    <property name="sun.io.unicode.encoding" value="UnicodeLittle"/>
    <property name="java.class.version" value="55.0"/>
  </properties>
  <testcase name="testGetIntegerProperty" classname="programmingtheiot.part01.unit.common.ConfigUtilTest" time="0"/>
  <testcase name="testGetCredentials" classname="programmingtheiot.part01.unit.common.ConfigUtilTest" time="0.001">
    <error type="java.lang.NullPointerException"><![CDATA[java.lang.NullPointerException
	at programmingtheiot.part01.unit.common.ConfigUtilTest.testGetCredentials(ConfigUtilTest.java:87)
]]></error>
  </testcase>
  <testcase name="testHasSection" classname="programmingtheiot.part01.unit.common.ConfigUtilTest" time="0"/>
  <testcase name="testGetProperty" classname="programmingtheiot.part01.unit.common.ConfigUtilTest" time="0"/>
  <testcase name="testHasProperty" classname="programmingtheiot.part01.unit.common.ConfigUtilTest" time="0"/>
  <testcase name="testGetBooleanProperty" classname="programmingtheiot.part01.unit.common.ConfigUtilTest" time="0"/>
  <testcase name="testIsConfigDataLoaded" classname="programmingtheiot.part01.unit.common.ConfigUtilTest" time="0"/>
</testsuite>